2012/05/17 09:12:46 [error] [exception.CDbException] could not find driver
2012/05/17 09:12:46 [error] [exception.CDbException] exception 'CDbException' with message 'CDbConnection failed to open the DB connection.' in E:\PHP\yii-1.1.10\framework\db\CDbConnection.php:388
Stack trace:
#0 E:\PHP\yii-1.1.10\framework\db\CDbConnection.php(331): CDbConnection->open()
#1 E:\PHP\yii-1.1.10\framework\db\CDbConnection.php(309): CDbConnection->setActive(true)
#2 E:\PHP\yii-1.1.10\framework\base\CModule.php(388): CDbConnection->init()
#3 E:\PHP\yii-1.1.10\framework\base\CApplication.php(431): CModule->getComponent('db')
#4 E:\PHP\yii-1.1.10\framework\db\ar\CActiveRecord.php(615): CApplication->getDb()
#5 E:\PHP\yii-1.1.10\framework\db\ar\CActiveRecord.php(2263): CActiveRecord->getDbConnection()
#6 E:\PHP\yii-1.1.10\framework\db\ar\CActiveRecord.php(379): CActiveRecordMetaData->__construct(Object(Post))
#7 E:\PHP\yii-1.1.10\framework\web\CActiveDataProvider.php(75): CActiveRecord::model('Post')
#8 E:\PHP\yii-1.1.10\demos\blog\protected\controllers\PostController.php(132): CActiveDataProvider->__construct('Post', Array)
#9 E:\PHP\yii-1.1.10\framework\web\actions\CInlineAction.php(50): PostController->actionIndex()
#10 E:\PHP\yii-1.1.10\framework\web\CController.php(309): CInlineAction->runWithParams(Array)
#11 E:\PHP\yii-1.1.10\framework\web\filters\CFilterChain.php(134): CController->runAction(Object(CInlineAction))
#12 E:\PHP\yii-1.1.10\framework\web\filters\CFilter.php(41): CFilterChain->run()
#13 E:\PHP\yii-1.1.10\framework\web\CController.php(1146): CFilter->filter(Object(CFilterChain))
#14 E:\PHP\yii-1.1.10\framework\web\filters\CInlineFilter.php(59): CController->filterAccessControl(Object(CFilterChain))
#15 E:\PHP\yii-1.1.10\framework\web\filters\CFilterChain.php(131): CInlineFilter->filter(Object(CFilterChain))
#16 E:\PHP\yii-1.1.10\framework\web\CController.php(292): CFilterChain->run()
#17 E:\PHP\yii-1.1.10\framework\web\CController.php(266): CController->runActionWithFilters(Object(CInlineAction), Array)
#18 E:\PHP\yii-1.1.10\framework\web\CWebApplication.php(276): CController->run('')
#19 E:\PHP\yii-1.1.10\framework\web\CWebApplication.php(135): CWebApplication->runController('')
#20 E:\PHP\yii-1.1.10\framework\base\CApplication.php(162): CWebApplication->processRequest()
#21 E:\PHP\yii-1.1.10\demos\blog\index.php(11): CApplication->run()
#22 {main}
REQUEST_URI=/yii-1.1.10/demos/blog/
HTTP_REFERER=http://localhost/yii-1.1.10/demos/
---
2012/05/17 09:12:59 [error] [exception.CDbException] could not find driver
2012/05/17 09:12:59 [error] [exception.CDbException] exception 'CDbException' with message 'CDbConnection failed to open the DB connection.' in E:\PHP\yii-1.1.10\framework\db\CDbConnection.php:388
Stack trace:
#0 E:\PHP\yii-1.1.10\framework\db\CDbConnection.php(331): CDbConnection->open()
#1 E:\PHP\yii-1.1.10\framework\db\CDbConnection.php(309): CDbConnection->setActive(true)
#2 E:\PHP\yii-1.1.10\framework\base\CModule.php(388): CDbConnection->init()
#3 E:\PHP\yii-1.1.10\framework\base\CApplication.php(431): CModule->getComponent('db')
#4 E:\PHP\yii-1.1.10\framework\db\ar\CActiveRecord.php(615): CApplication->getDb()
#5 E:\PHP\yii-1.1.10\framework\db\ar\CActiveRecord.php(2263): CActiveRecord->getDbConnection()
#6 E:\PHP\yii-1.1.10\framework\db\ar\CActiveRecord.php(379): CActiveRecordMetaData->__construct(Object(Post))
#7 E:\PHP\yii-1.1.10\framework\web\CActiveDataProvider.php(75): CActiveRecord::model('Post')
#8 E:\PHP\yii-1.1.10\demos\blog\protected\controllers\PostController.php(132): CActiveDataProvider->__construct('Post', Array)
#9 E:\PHP\yii-1.1.10\framework\web\actions\CInlineAction.php(50): PostController->actionIndex()
#10 E:\PHP\yii-1.1.10\framework\web\CController.php(309): CInlineAction->runWithParams(Array)
#11 E:\PHP\yii-1.1.10\framework\web\filters\CFilterChain.php(134): CController->runAction(Object(CInlineAction))
#12 E:\PHP\yii-1.1.10\framework\web\filters\CFilter.php(41): CFilterChain->run()
#13 E:\PHP\yii-1.1.10\framework\web\CController.php(1146): CFilter->filter(Object(CFilterChain))
#14 E:\PHP\yii-1.1.10\framework\web\filters\CInlineFilter.php(59): CController->filterAccessControl(Object(CFilterChain))
#15 E:\PHP\yii-1.1.10\framework\web\filters\CFilterChain.php(131): CInlineFilter->filter(Object(CFilterChain))
#16 E:\PHP\yii-1.1.10\framework\web\CController.php(292): CFilterChain->run()
#17 E:\PHP\yii-1.1.10\framework\web\CController.php(266): CController->runActionWithFilters(Object(CInlineAction), Array)
#18 E:\PHP\yii-1.1.10\framework\web\CWebApplication.php(276): CController->run('index')
#19 E:\PHP\yii-1.1.10\framework\web\CWebApplication.php(135): CWebApplication->runController('post/index')
#20 E:\PHP\yii-1.1.10\framework\base\CApplication.php(162): CWebApplication->processRequest()
#21 E:\PHP\yii-1.1.10\demos\blog\index.php(11): CApplication->run()
#22 {main}
REQUEST_URI=/yii-1.1.10/demos/blog/index.php/post/index
HTTP_REFERER=http://localhost/yii-1.1.10/demos/blog/index.php/site/login
---
2012/06/14 16:27:14 [error] [exception.CDbException] could not find driver
2012/06/14 16:27:14 [error] [exception.CDbException] exception 'CDbException' with message 'CDbConnection failed to open the DB connection.' in E:\PHP\yii-1.1.10\framework\db\CDbConnection.php:388
Stack trace:
#0 E:\PHP\yii-1.1.10\framework\db\CDbConnection.php(331): CDbConnection->open()
#1 E:\PHP\yii-1.1.10\framework\db\CDbConnection.php(309): CDbConnection->setActive(true)
#2 E:\PHP\yii-1.1.10\framework\base\CModule.php(388): CDbConnection->init()
#3 E:\PHP\yii-1.1.10\framework\base\CApplication.php(431): CModule->getComponent('db')
#4 E:\PHP\yii-1.1.10\framework\db\ar\CActiveRecord.php(615): CApplication->getDb()
#5 E:\PHP\yii-1.1.10\framework\db\ar\CActiveRecord.php(2263): CActiveRecord->getDbConnection()
#6 E:\PHP\yii-1.1.10\framework\db\ar\CActiveRecord.php(379): CActiveRecordMetaData->__construct(Object(Post))
#7 E:\PHP\yii-1.1.10\framework\web\CActiveDataProvider.php(75): CActiveRecord::model('Post')
#8 E:\PHP\yii-1.1.10\demos\blog\protected\controllers\PostController.php(132): CActiveDataProvider->__construct('Post', Array)
#9 E:\PHP\yii-1.1.10\framework\web\actions\CInlineAction.php(50): PostController->actionIndex()
#10 E:\PHP\yii-1.1.10\framework\web\CController.php(309): CInlineAction->runWithParams(Array)
#11 E:\PHP\yii-1.1.10\framework\web\filters\CFilterChain.php(134): CController->runAction(Object(CInlineAction))
#12 E:\PHP\yii-1.1.10\framework\web\filters\CFilter.php(41): CFilterChain->run()
#13 E:\PHP\yii-1.1.10\framework\web\CController.php(1146): CFilter->filter(Object(CFilterChain))
#14 E:\PHP\yii-1.1.10\framework\web\filters\CInlineFilter.php(59): CController->filterAccessControl(Object(CFilterChain))
#15 E:\PHP\yii-1.1.10\framework\web\filters\CFilterChain.php(131): CInlineFilter->filter(Object(CFilterChain))
#16 E:\PHP\yii-1.1.10\framework\web\CController.php(292): CFilterChain->run()
#17 E:\PHP\yii-1.1.10\framework\web\CController.php(266): CController->runActionWithFilters(Object(CInlineAction), Array)
#18 E:\PHP\yii-1.1.10\framework\web\CWebApplication.php(276): CController->run('')
#19 E:\PHP\yii-1.1.10\framework\web\CWebApplication.php(135): CWebApplication->runController('')
#20 E:\PHP\yii-1.1.10\framework\base\CApplication.php(162): CWebApplication->processRequest()
#21 E:\PHP\yii-1.1.10\demos\blog\index.php(11): CApplication->run()
#22 {main}
REQUEST_URI=/yii-1.1.10/demos/blog/
HTTP_REFERER=http://localhost/yii-1.1.10/demos/
---
2012/06/14 16:27:20 [error] [exception.CDbException] could not find driver
2012/06/14 16:27:20 [error] [exception.CDbException] exception 'CDbException' with message 'CDbConnection failed to open the DB connection.' in E:\PHP\yii-1.1.10\framework\db\CDbConnection.php:388
Stack trace:
#0 E:\PHP\yii-1.1.10\framework\db\CDbConnection.php(331): CDbConnection->open()
#1 E:\PHP\yii-1.1.10\framework\db\CDbConnection.php(309): CDbConnection->setActive(true)
#2 E:\PHP\yii-1.1.10\framework\base\CModule.php(388): CDbConnection->init()
#3 E:\PHP\yii-1.1.10\framework\base\CApplication.php(431): CModule->getComponent('db')
#4 E:\PHP\yii-1.1.10\framework\db\ar\CActiveRecord.php(615): CApplication->getDb()
#5 E:\PHP\yii-1.1.10\framework\db\ar\CActiveRecord.php(2263): CActiveRecord->getDbConnection()
#6 E:\PHP\yii-1.1.10\framework\db\ar\CActiveRecord.php(379): CActiveRecordMetaData->__construct(Object(Post))
#7 E:\PHP\yii-1.1.10\framework\web\CActiveDataProvider.php(75): CActiveRecord::model('Post')
#8 E:\PHP\yii-1.1.10\demos\blog\protected\controllers\PostController.php(132): CActiveDataProvider->__construct('Post', Array)
#9 E:\PHP\yii-1.1.10\framework\web\actions\CInlineAction.php(50): PostController->actionIndex()
#10 E:\PHP\yii-1.1.10\framework\web\CController.php(309): CInlineAction->runWithParams(Array)
#11 E:\PHP\yii-1.1.10\framework\web\filters\CFilterChain.php(134): CController->runAction(Object(CInlineAction))
#12 E:\PHP\yii-1.1.10\framework\web\filters\CFilter.php(41): CFilterChain->run()
#13 E:\PHP\yii-1.1.10\framework\web\CController.php(1146): CFilter->filter(Object(CFilterChain))
#14 E:\PHP\yii-1.1.10\framework\web\filters\CInlineFilter.php(59): CController->filterAccessControl(Object(CFilterChain))
#15 E:\PHP\yii-1.1.10\framework\web\filters\CFilterChain.php(131): CInlineFilter->filter(Object(CFilterChain))
#16 E:\PHP\yii-1.1.10\framework\web\CController.php(292): CFilterChain->run()
#17 E:\PHP\yii-1.1.10\framework\web\CController.php(266): CController->runActionWithFilters(Object(CInlineAction), Array)
#18 E:\PHP\yii-1.1.10\framework\web\CWebApplication.php(276): CController->run('')
#19 E:\PHP\yii-1.1.10\framework\web\CWebApplication.php(135): CWebApplication->runController('')
#20 E:\PHP\yii-1.1.10\framework\base\CApplication.php(162): CWebApplication->processRequest()
#21 E:\PHP\yii-1.1.10\demos\blog\index.php(11): CApplication->run()
#22 {main}
REQUEST_URI=/yii-1.1.10/demos/blog/
HTTP_REFERER=http://localhost/yii-1.1.10/demos/
---
